<?xml version="1.0" encoding="UTF-8"?>
<testng-results ignored="0" total="1" passed="1" failed="0" skipped="0">
  <reporter-output>
  </reporter-output>
  <suite started-at="2023-10-20T07:40:58Z" name="Suite" finished-at="2023-10-20T07:41:18Z" duration-ms="20322">
    <groups>
    </groups>
    <test started-at="2023-10-20T07:40:58Z" name="Test" finished-at="2023-10-20T07:41:18Z" duration-ms="20322">
      <class name="jenk_maven.jenk.openBrowser">
        <test-method signature="Testgoogle()[pri:0, instance:jenk_maven.jenk.openBrowser@17d88132]" started-at="2023-10-20T07:40:58Z" name="Testgoogle" finished-at="2023-10-20T07:41:18Z" duration-ms="20296" status="PASS">
          <reporter-output>
          </reporter-output>
        </test-method> <!-- Testgoogle -->
      </class> <!-- jenk_maven.jenk.openBrowser -->
    </test> <!-- Test -->
  </suite> <!-- Suite -->
</testng-results>
