<?xml version="1.0" encoding="UTF-8"?>
<testng-results ignored="0" total="1" passed="1" failed="0" skipped="0">
  <reporter-output>
  </reporter-output>
  <suite started-at="2023-10-18T12:54:05Z" name="Default suite" finished-at="2023-10-18T12:54:18Z" duration-ms="12173">
    <groups>
    </groups>
    <test started-at="2023-10-18T12:54:05Z" name="Default test" finished-at="2023-10-18T12:54:18Z" duration-ms="12173">
      <class name="jenk_maven.jenk.openBrowser">
        <test-method signature="Testgoogle()[pri:0, instance:jenk_maven.jenk.openBrowser@73d983ea]" started-at="2023-10-18T12:54:05Z" name="Testgoogle" finished-at="2023-10-18T12:54:18Z" duration-ms="12149" status="PASS">
          <reporter-output>
          </reporter-output>
        </test-method> <!-- Testgoogle -->
      </class> <!-- jenk_maven.jenk.openBrowser -->
    </test> <!-- Default test -->
  </suite> <!-- Default suite -->
</testng-results>
